<?xml version="1.0" encoding="UTF-8"?>
<!-- Generated by org.testng.reporters.JUnitReportReporter -->
<testsuite hostname="dhcp-10-105-134-159.wireless.northwestern.private" name="com.test.AppiumTest2" tests="1" failures="0" timestamp="10 Jun 2015 23:30:44 GMT" time="105.487" errors="0">
  <testcase name="test" time="105.487" classname="com.test.AppiumTest2"/>
</testsuite> <!-- com.test.AppiumTest2 -->
