<?xml version="1.0" encoding="UTF-8"?>
<!-- Generated by org.testng.reporters.JUnitReportReporter -->
<testsuite hostname="HongygdeMacBook-Pro.local" name="com.YangHong.NGTest2" tests="1" failures="0" timestamp="10 Jun 2015 07:13:45 GMT" time="73.893" errors="0">
  <testcase name="beforeMethod" time="73.893" classname="com.YangHong.NGTest2"/>
</testsuite> <!-- com.YangHong.NGTest2 -->
