<?xml version="1.0" encoding="UTF-8"?>
<!-- Generated by org.testng.reporters.JUnitReportReporter -->
<testsuite hostname="dhcp-10-105-134-159.wireless.northwestern.private" name="com.YangHong.NGTest" tests="1" failures="0" timestamp="10 Jun 2015 05:17:24 GMT" time="42.510" errors="0">
  <testcase name="test" time="42.510" classname="com.YangHong.NGTest"/>
</testsuite> <!-- com.YangHong.NGTest -->
